This is pdfTeX, Version 3.14159265-2.6-1.40.21 (TeX Live 2020) (preloaded format=pdflatex 2020.11.3)  4 MAY 2021 23:40
entering extended mode
 restricted \write18 enabled.
 file:line:error style messages enabled.
 %&-line parsing enabled.
**"/home/sd/Documents/code/mas-ss-21/SEE/SEE - Report/report.tex"
(/home/sd/Documents/code/mas-ss-21/SEE/SEE - Report/report.tex
LaTeX2e <2020-10-01> patch level 2
L3 programming layer <2020-10-27> xparse <2020-03-03> (/home/sd/Documents/code/mas-ss-21/SEE/SEE - Report/mas_report.cls
Document Class: mas_report 2018/01/25 The MAS report class
(/usr/local/texlive/2020/texmf-dist/tex/latex/xcolor/xcolor.sty
Package: xcolor 2016/05/11 v2.12 LaTeX color extensions (UK)
 (/usr/local/texlive/2020/texmf-dist/tex/latex/graphics-cfg/color.cfg
File: color.cfg 2016/01/02 v1.6 sample color configuration
)
Package xcolor Info: Driver file: pdftex.def on input line 225.
 (/usr/local/texlive/2020/texmf-dist/tex/latex/graphics-def/pdftex.def
File: pdftex.def 2020/10/05 v1.2a Graphics/color driver for pdftex
)
Package xcolor Info: Model `cmy' substituted by `cmy0' on input line 1348.
Package xcolor Info: Model `hsb' substituted by `rgb' on input line 1352.
Package xcolor Info: Model `RGB' extended on input line 1364.
Package xcolor Info: Model `HTML' substituted by `rgb' on input line 1366.
Package xcolor Info: Model `Hsb' substituted by `hsb' on input line 1367.
Package xcolor Info: Model `tHsb' substituted by `hsb' on input line 1368.
Package xcolor Info: Model `HSB' substituted by `hsb' on input line 1369.
Package xcolor Info: Model `Gray' substituted by `gray' on input line 1370.
Package xcolor Info: Model `wave' substituted by `hsb' on input line 1371.
) (/usr/local/texlive/2020/texmf-dist/tex/latex/base/ifthen.sty
Package: ifthen 2014/09/29 v1.1c Standard LaTeX ifthen package (DPC)
) (/usr/local/texlive/2020/texmf-dist/tex/latex/base/book.cls
Document Class: book 2020/04/10 v1.4m Standard LaTeX document class
(/usr/local/texlive/2020/texmf-dist/tex/latex/base/bk10.clo
File: bk10.clo 2020/04/10 v1.4m Standard LaTeX file (size option)
)
\c@part=\count175
\c@chapter=\count176
\c@section=\count177
\c@subsection=\count178
\c@subsubsection=\count179
\c@paragraph=\count180
\c@subparagraph=\count181
\c@figure=\count182
\c@table=\count183
\abovecaptionskip=\skip47
\belowcaptionskip=\skip48
\bibindent=\dimen138
) (/usr/local/texlive/2020/texmf-dist/tex/latex/natbib/natbib.sty
Package: natbib 2010/09/13 8.31b (PWD, AO)
\bibhang=\skip49
\bibsep=\skip50
LaTeX Info: Redefining \cite on input line 694.
\c@NAT@ctr=\count184
) (/usr/local/texlive/2020/texmf-dist/tex/latex/graphics/graphicx.sty
Package: graphicx 2020/09/09 v1.2b Enhanced LaTeX Graphics (DPC,SPQR)
 (/usr/local/texlive/2020/texmf-dist/tex/latex/graphics/keyval.sty
Package: keyval 2014/10/28 v1.15 key=value parser (DPC)
\KV@toks@=\toks15
) (/usr/local/texlive/2020/texmf-dist/tex/latex/graphics/graphics.sty
Package: graphics 2020/08/30 v1.4c Standard LaTeX Graphics (DPC,SPQR)
 (/usr/local/texlive/2020/texmf-dist/tex/latex/graphics/trig.sty
Package: trig 2016/01/03 v1.10 sin cos tan (DPC)
) (/usr/local/texlive/2020/texmf-dist/tex/latex/graphics-cfg/graphics.cfg
File: graphics.cfg 2016/06/04 v1.11 sample graphics configuration
)
Package graphics Info: Driver file: pdftex.def on input line 105.
)
\Gin@req@height=\dimen139
\Gin@req@width=\dimen140
) (/usr/local/texlive/2020/texmf-dist/tex/latex/amsmath/amsmath.sty
Package: amsmath 2020/09/23 v2.17i AMS math features
\@mathmargin=\skip51

For additional information on amsmath, use the `?' option.
(/usr/local/texlive/2020/texmf-dist/tex/latex/amsmath/amstext.sty
Package: amstext 2000/06/29 v2.01 AMS text
 (/usr/local/texlive/2020/texmf-dist/tex/latex/amsmath/amsgen.sty
File: amsgen.sty 1999/11/30 v2.0 generic functions
\@emptytoks=\toks16
\ex@=\dimen141
)) (/usr/local/texlive/2020/texmf-dist/tex/latex/amsmath/amsbsy.sty
Package: amsbsy 1999/11/29 v1.2d Bold Symbols
\pmbraise@=\dimen142
) (/usr/local/texlive/2020/texmf-dist/tex/latex/amsmath/amsopn.sty
Package: amsopn 2016/03/08 v2.02 operator names
)
\inf@bad=\count185
LaTeX Info: Redefining \frac on input line 234.
\uproot@=\count186
\leftroot@=\count187
LaTeX Info: Redefining \overline on input line 399.
\classnum@=\count188
\DOTSCASE@=\count189
LaTeX Info: Redefining \ldots on input line 496.
LaTeX Info: Redefining \dots on input line 499.
LaTeX Info: Redefining \cdots on input line 620.
\Mathstrutbox@=\box47
\strutbox@=\box48
\big@size=\dimen143
LaTeX Font Info:    Redeclaring font encoding OML on input line 743.
LaTeX Font Info:    Redeclaring font encoding OMS on input line 744.
\macc@depth=\count190
\c@MaxMatrixCols=\count191
\dotsspace@=\muskip16
\c@parentequation=\count192
\dspbrk@lvl=\count193
\tag@help=\toks17
\row@=\count194
\column@=\count195
\maxfields@=\count196
\andhelp@=\toks18
\eqnshift@=\dimen144
\alignsep@=\dimen145
\tagshift@=\dimen146
\tagwidth@=\dimen147
\totwidth@=\dimen148
\lineht@=\dimen149
\@envbody=\toks19
\multlinegap=\skip52
\multlinetaggap=\skip53
\mathdisplay@stack=\toks20
LaTeX Info: Redefining \[ on input line 2923.
LaTeX Info: Redefining \] on input line 2924.
) (/usr/local/texlive/2020/texmf-dist/tex/latex/amsfonts/amssymb.sty
Package: amssymb 2013/01/14 v3.01 AMS font symbols
 (/usr/local/texlive/2020/texmf-dist/tex/latex/amsfonts/amsfonts.sty
Package: amsfonts 2013/01/14 v3.01 Basic AMSFonts support
\symAMSa=\mathgroup4
\symAMSb=\mathgroup5
LaTeX Font Info:    Redeclaring math symbol \hbar on input line 98.
LaTeX Font Info:    Overwriting math alphabet `\mathfrak' in version `bold'
(Font)                  U/euf/m/n --> U/euf/b/n on input line 106.
)) (/usr/local/texlive/2020/texmf-dist/tex/latex/tools/theorem.sty
Package: theorem 2014/10/28 v2.2c Theorem extension package (FMi)
\theorem@style=\toks21
\theorem@bodyfont=\toks22
\theorempreskipamount=\skip54
\theorempostskipamount=\skip55
 (/usr/local/texlive/2020/texmf-dist/tex/latex/tools/thp.sty
File: thp.sty 2014/10/28 v2.2c Theorem extension package (FMi)
)) (/usr/local/texlive/2020/texmf-dist/tex/latex/listings/listings.sty
\lst@mode=\count197
\lst@gtempboxa=\box49
\lst@token=\toks23
\lst@length=\count198
\lst@currlwidth=\dimen150
\lst@column=\count199
\lst@pos=\count266
\lst@lostspace=\dimen151
\lst@width=\dimen152
\lst@newlines=\count267
\lst@lineno=\count268
\lst@maxwidth=\dimen153
 (/usr/local/texlive/2020/texmf-dist/tex/latex/listings/lstmisc.sty
File: lstmisc.sty 2020/03/24 1.8d (Carsten Heinz)
\c@lstnumber=\count269
\lst@skipnumbers=\count270
\lst@framebox=\box50
) (/usr/local/texlive/2020/texmf-dist/tex/latex/listings/listings.cfg
File: listings.cfg 2020/03/24 1.8d listings configuration
))
Package: listings 2020/03/24 1.8d (Carsten Heinz)
 (/usr/local/texlive/2020/texmf-dist/tex/latex/booktabs/booktabs.sty
Package: booktabs 2020/01/12 v1.61803398 Publication quality tables
\heavyrulewidth=\dimen154
\lightrulewidth=\dimen155
\cmidrulewidth=\dimen156
\belowrulesep=\dimen157
\belowbottomsep=\dimen158
\aboverulesep=\dimen159
\abovetopsep=\dimen160
\cmidrulesep=\dimen161
\cmidrulekern=\dimen162
\defaultaddspace=\dimen163
\@cmidla=\count271
\@cmidlb=\count272
\@aboverulesep=\dimen164
\@belowrulesep=\dimen165
\@thisruleclass=\count273
\@lastruleclass=\count274
\@thisrulewidth=\dimen166
) (/usr/local/texlive/2020/texmf-dist/tex/latex/microtype/microtype.sty
Package: microtype 2019/11/18 v2.7d Micro-typographical refinements (RS)
\MT@toks=\toks24
\MT@count=\count275
LaTeX Info: Redefining \textls on input line 790.
\MT@outer@kern=\dimen167
LaTeX Info: Redefining \textmicrotypecontext on input line 1354.
\MT@listname@count=\count276
 (/usr/local/texlive/2020/texmf-dist/tex/latex/microtype/microtype-pdftex.def
File: microtype-pdftex.def 2019/11/18 v2.7d Definitions specific to pdftex (RS)
LaTeX Info: Redefining \lsstyle on input line 914.
LaTeX Info: Redefining \lslig on input line 914.
\MT@outer@space=\skip56
)
Package microtype Info: Loading configuration file microtype.cfg.
 (/usr/local/texlive/2020/texmf-dist/tex/latex/microtype/microtype.cfg
File: microtype.cfg 2019/11/18 v2.7d microtype main configuration file (RS)
)) (/usr/local/texlive/2020/texmf-dist/tex/latex/appendix/appendix.sty
Package: appendix 2020/02/08 v1.2c extra appendix facilities
\c@@pps=\count277
\c@@ppsavesec=\count278
\c@@ppsaveapp=\count279
) (/usr/local/texlive/2020/texmf-dist/tex/latex/setspace/setspace.sty
Package: setspace 2011/12/19 v6.7a set line spacing
) (/usr/local/texlive/2020/texmf-dist/tex/latex/subfiles/subfiles.sty
Package: subfiles 2020/09/07 v2.0 Multi-file projects (package)
 (/usr/local/texlive/2020/texmf-dist/tex/latex/import/import.sty
Package: import 2020/04/01  v 6.2
)) (/usr/local/texlive/2020/texmf-dist/tex/latex/geometry/geometry.sty
Package: geometry 2020/01/02 v5.9 Page Geometry
 (/usr/local/texlive/2020/texmf-dist/tex/generic/iftex/ifvtex.sty
Package: ifvtex 2019/10/25 v1.7 ifvtex legacy package. Use iftex instead.
 (/usr/local/texlive/2020/texmf-dist/tex/generic/iftex/iftex.sty
Package: iftex 2020/03/06 v1.0d TeX engine tests
))
\Gm@cnth=\count280
\Gm@cntv=\count281
\c@Gm@tempcnt=\count282
\Gm@bindingoffset=\dimen168
\Gm@wd@mp=\dimen169
\Gm@odd@mp=\dimen170
\Gm@even@mp=\dimen171
\Gm@layoutwidth=\dimen172
\Gm@layoutheight=\dimen173
\Gm@layouthoffset=\dimen174
\Gm@layoutvoffset=\dimen175
\Gm@dimlist=\toks25
) (/usr/local/texlive/2020/texmf-dist/tex/latex/caption/subcaption.sty
Package: subcaption 2020/10/07 v1.3j Sub-captions (AR)
 (/usr/local/texlive/2020/texmf-dist/tex/latex/caption/caption.sty
Package: caption 2020/10/26 v3.5g Customizing captions (AR)
 (/usr/local/texlive/2020/texmf-dist/tex/latex/caption/caption3.sty
Package: caption3 2020/10/21 v2.2e caption3 kernel (AR)
\captionmargin=\dimen176
\captionmargin@=\dimen177
\captionwidth=\dimen178
\caption@tempdima=\dimen179
\caption@indent=\dimen180
\caption@parindent=\dimen181
\caption@hangindent=\dimen182
Package caption Info: Standard document class detected.
)
\c@caption@flags=\count283
\c@continuedfloat=\count284
Package caption Info: listings package is loaded.
)
\c@subfigure=\count285
\c@subtable=\count286
) (/usr/local/texlive/2020/texmf-dist/tex/latex/multirow/multirow.sty
Package: multirow 2019/05/31 v2.5 Span multiple rows of a table
\multirow@colwidth=\skip57
\multirow@cntb=\count287
\multirow@dima=\skip58
\bigstrutjot=\dimen183
) (/usr/local/texlive/2020/texmf-dist/tex/latex/graphics/rotating.sty
Package: rotating 2016/08/11 v2.16d rotated objects in LaTeX
\c@r@tfl@t=\count288
\rotFPtop=\skip59
\rotFPbot=\skip60
\rot@float@box=\box51
\rot@mess@toks=\toks26
) (/usr/local/texlive/2020/texmf-dist/tex/latex/hyperref/hyperref.sty
Package: hyperref 2020-05-15 v7.00e Hypertext links for LaTeX
 (/usr/local/texlive/2020/texmf-dist/tex/generic/ltxcmds/ltxcmds.sty
Package: ltxcmds 2020-05-10 v1.25 LaTeX kernel commands for general use (HO)
) (/usr/local/texlive/2020/texmf-dist/tex/generic/pdftexcmds/pdftexcmds.sty
Package: pdftexcmds 2020-06-27 v0.33 Utility functions of pdfTeX for LuaTeX (HO)
 (/usr/local/texlive/2020/texmf-dist/tex/generic/infwarerr/infwarerr.sty
Package: infwarerr 2019/12/03 v1.5 Providing info/warning/error messages (HO)
)
Package pdftexcmds Info: \pdf@primitive is available.
Package pdftexcmds Info: \pdf@ifprimitive is available.
Package pdftexcmds Info: \pdfdraftmode found.
) (/usr/local/texlive/2020/texmf-dist/tex/generic/kvsetkeys/kvsetkeys.sty
Package: kvsetkeys 2019/12/15 v1.18 Key value parser (HO)
) (/usr/local/texlive/2020/texmf-dist/tex/generic/kvdefinekeys/kvdefinekeys.sty
Package: kvdefinekeys 2019-12-19 v1.6 Define keys (HO)
) (/usr/local/texlive/2020/texmf-dist/tex/generic/pdfescape/pdfescape.sty
Package: pdfescape 2019/12/09 v1.15 Implements pdfTeX's escape features (HO)
) (/usr/local/texlive/2020/texmf-dist/tex/latex/hycolor/hycolor.sty
Package: hycolor 2020-01-27 v1.10 Color options for hyperref/bookmark (HO)
) (/usr/local/texlive/2020/texmf-dist/tex/latex/letltxmacro/letltxmacro.sty
Package: letltxmacro 2019/12/03 v1.6 Let assignment for LaTeX macros (HO)
) (/usr/local/texlive/2020/texmf-dist/tex/latex/auxhook/auxhook.sty
Package: auxhook 2019-12-17 v1.6 Hooks for auxiliary files (HO)
) (/usr/local/texlive/2020/texmf-dist/tex/latex/kvoptions/kvoptions.sty
Package: kvoptions 2020-10-07 v3.14 Key value format for package options (HO)
)
\@linkdim=\dimen184
\Hy@linkcounter=\count289
\Hy@pagecounter=\count290
 (/usr/local/texlive/2020/texmf-dist/tex/latex/hyperref/pd1enc.def
File: pd1enc.def 2020-05-15 v7.00e Hyperref: PDFDocEncoding definition (HO)
Now handling font encoding PD1 ...
... no UTF-8 mapping file for font encoding PD1
) (/usr/local/texlive/2020/texmf-dist/tex/generic/intcalc/intcalc.sty
Package: intcalc 2019/12/15 v1.3 Expandable calculations with integers (HO)
) (/usr/local/texlive/2020/texmf-dist/tex/generic/etexcmds/etexcmds.sty
Package: etexcmds 2019/12/15 v1.7 Avoid name clashes with e-TeX commands (HO)
)
\Hy@SavedSpaceFactor=\count291
Package hyperref Info: Hyper figures OFF on input line 4464.
Package hyperref Info: Link nesting OFF on input line 4469.
Package hyperref Info: Hyper index ON on input line 4472.
Package hyperref Info: Plain pages OFF on input line 4479.
Package hyperref Info: Backreferencing OFF on input line 4484.
Package hyperref Info: Implicit mode ON; LaTeX internals redefined.
Package hyperref Info: Bookmarks ON on input line 4717.
\c@Hy@tempcnt=\count292
 (/usr/local/texlive/2020/texmf-dist/tex/latex/url/url.sty
\Urlmuskip=\muskip17
Package: url 2013/09/16  ver 3.4  Verb mode for urls, etc.
)
LaTeX Info: Redefining \url on input line 5076.
\XeTeXLinkMargin=\dimen185
 (/usr/local/texlive/2020/texmf-dist/tex/generic/bitset/bitset.sty
Package: bitset 2019/12/09 v1.3 Handle bit-vector datatype (HO)
 (/usr/local/texlive/2020/texmf-dist/tex/generic/bigintcalc/bigintcalc.sty
Package: bigintcalc 2019/12/15 v1.5 Expandable calculations on big integers (HO)
))
\Fld@menulength=\count293
\Field@Width=\dimen186
\Fld@charsize=\dimen187
Package hyperref Info: Hyper figures OFF on input line 6347.
Package hyperref Info: Link nesting OFF on input line 6352.
Package hyperref Info: Hyper index ON on input line 6355.
Package hyperref Info: backreferencing OFF on input line 6362.
Package hyperref Info: Link coloring OFF on input line 6367.
Package hyperref Info: Link coloring with OCG OFF on input line 6372.
Package hyperref Info: PDF/A mode OFF on input line 6377.
LaTeX Info: Redefining \ref on input line 6417.
LaTeX Info: Redefining \pageref on input line 6421.
 (/usr/local/texlive/2020/texmf-dist/tex/latex/base/atbegshi-ltx.sty
Package: atbegshi-ltx 2020/08/17 v1.0a Emulation of the original atbegshi package
with kernel methods
)
\Hy@abspage=\count294
\c@Item=\count295
\c@Hfootnote=\count296
)
Package hyperref Info: Driver (autodetected): hpdftex.
 (/usr/local/texlive/2020/texmf-dist/tex/latex/hyperref/hpdftex.def
File: hpdftex.def 2020-05-15 v7.00e Hyperref driver for pdfTeX
 (/usr/local/texlive/2020/texmf-dist/tex/latex/base/atveryend-ltx.sty
Package: atveryend-ltx 2020/08/19 v1.0a Emulation of the original atvery package
with kernel methods
)
\Fld@listcount=\count297
\c@bookmark@seq@number=\count298
 (/usr/local/texlive/2020/texmf-dist/tex/latex/rerunfilecheck/rerunfilecheck.sty
Package: rerunfilecheck 2019/12/05 v1.9 Rerun checks for auxiliary files (HO)
 (/usr/local/texlive/2020/texmf-dist/tex/generic/uniquecounter/uniquecounter.sty
Package: uniquecounter 2019/12/15 v1.4 Provide unlimited unique counter (HO)
)
Package uniquecounter Info: New unique counter `rerunfilecheck' on input line 286.
)
\Hy@SectionHShift=\skip61
) (/usr/local/texlive/2020/texmf-dist/tex/latex/titling/titling.sty
Package: titling 2009/09/04 v2.1d maketitle typesetting
\thanksmarkwidth=\skip62
\thanksmargin=\skip63
\droptitle=\skip64
) (/usr/local/texlive/2020/texmf-dist/tex/latex/lipsum/lipsum.sty (/usr/local/texlive/2020/texmf-dist/tex/latex/l3kernel/expl3.sty
Package: expl3 2020-10-27 L3 programming layer (loader) 
 (/usr/local/texlive/2020/texmf-dist/tex/latex/l3backend/l3backend-pdftex.def
File: l3backend-pdftex.def 2020-09-24 L3 backend support: PDF output (pdfTeX)
\l__kernel_color_stack_int=\count299
\l__pdf_internal_box=\box52
)) (/usr/local/texlive/2020/texmf-dist/tex/latex/l3packages/xparse/xparse.sty
Package: xparse 2020-10-27 L3 Experimental document command parser
 (/usr/local/texlive/2020/texmf-dist/tex/latex/l3packages/xparse/xparse-generic.tex))
Package: lipsum 2019/01/02 v2.2 150 paragraphs of Lorem Ipsum dummy text
 (/usr/local/texlive/2020/texmf-dist/tex/latex/lipsum/lipsum.ltd.tex
File: lipsum.ltd.tex 2019/01/02 v2.2 The Lorem ipsum dummy text
)) (/usr/local/texlive/2020/texmf-dist/tex/latex/lm/lmodern.sty
Package: lmodern 2009/10/30 v1.6 Latin Modern Fonts
LaTeX Font Info:    Overwriting symbol font `operators' in version `normal'
(Font)                  OT1/cmr/m/n --> OT1/lmr/m/n on input line 22.
LaTeX Font Info:    Overwriting symbol font `letters' in version `normal'
(Font)                  OML/cmm/m/it --> OML/lmm/m/it on input line 23.
LaTeX Font Info:    Overwriting symbol font `symbols' in version `normal'
(Font)                  OMS/cmsy/m/n --> OMS/lmsy/m/n on input line 24.
LaTeX Font Info:    Overwriting symbol font `largesymbols' in version `normal'
(Font)                  OMX/cmex/m/n --> OMX/lmex/m/n on input line 25.
LaTeX Font Info:    Overwriting symbol font `operators' in version `bold'
(Font)                  OT1/cmr/bx/n --> OT1/lmr/bx/n on input line 26.
LaTeX Font Info:    Overwriting symbol font `letters' in version `bold'
(Font)                  OML/cmm/b/it --> OML/lmm/b/it on input line 27.
LaTeX Font Info:    Overwriting symbol font `symbols' in version `bold'
(Font)                  OMS/cmsy/b/n --> OMS/lmsy/b/n on input line 28.
LaTeX Font Info:    Overwriting symbol font `largesymbols' in version `bold'
(Font)                  OMX/cmex/m/n --> OMX/lmex/m/n on input line 29.
LaTeX Font Info:    Overwriting math alphabet `\mathbf' in version `normal'
(Font)                  OT1/cmr/bx/n --> OT1/lmr/bx/n on input line 31.
LaTeX Font Info:    Overwriting math alphabet `\mathsf' in version `normal'
(Font)                  OT1/cmss/m/n --> OT1/lmss/m/n on input line 32.
LaTeX Font Info:    Overwriting math alphabet `\mathit' in version `normal'
(Font)                  OT1/cmr/m/it --> OT1/lmr/m/it on input line 33.
LaTeX Font Info:    Overwriting math alphabet `\mathtt' in version `normal'
(Font)                  OT1/cmtt/m/n --> OT1/lmtt/m/n on input line 34.
LaTeX Font Info:    Overwriting math alphabet `\mathbf' in version `bold'
(Font)                  OT1/cmr/bx/n --> OT1/lmr/bx/n on input line 35.
LaTeX Font Info:    Overwriting math alphabet `\mathsf' in version `bold'
(Font)                  OT1/cmss/bx/n --> OT1/lmss/bx/n on input line 36.
LaTeX Font Info:    Overwriting math alphabet `\mathit' in version `bold'
(Font)                  OT1/cmr/bx/it --> OT1/lmr/bx/it on input line 37.
LaTeX Font Info:    Overwriting math alphabet `\mathtt' in version `bold'
(Font)                  OT1/cmtt/m/n --> OT1/lmtt/m/n on input line 38.
) (/usr/local/texlive/2020/texmf-dist/tex/latex/minted/minted.sty
Package: minted 2017/07/19 v2.5 Yet another Pygments shim for LaTeX
 (/usr/local/texlive/2020/texmf-dist/tex/latex/fvextra/fvextra.sty
Package: fvextra 2019/02/04 v1.4 fvextra - extensions and patches for fancyvrb
 (/usr/local/texlive/2020/texmf-dist/tex/latex/etoolbox/etoolbox.sty
Package: etoolbox 2020/10/05 v2.5k e-TeX tools for LaTeX (JAW)
\etb@tempcnta=\count300
) (/usr/local/texlive/2020/texmf-dist/tex/latex/fancyvrb/fancyvrb.sty
Package: fancyvrb 2020/05/03 v3.6 verbatim text (tvz,hv)
\FV@CodeLineNo=\count301
\FV@InFile=\read2
\FV@TabBox=\box53
\c@FancyVerbLine=\count302
\FV@StepNumber=\count303
\FV@OutFile=\write3
) (/usr/local/texlive/2020/texmf-dist/tex/latex/upquote/upquote.sty
Package: upquote 2012/04/19 v1.3 upright-quote and grave-accent glyphs in verbatim
 (/usr/local/texlive/2020/texmf-dist/tex/latex/base/textcomp.sty
Package: textcomp 2020/02/02 v2.0n Standard LaTeX package
)) (/usr/local/texlive/2020/texmf-dist/tex/latex/lineno/lineno.sty
Package: lineno 2005/11/02 line numbers on paragraphs v4.41
\linenopenalty=\count304
\output=\toks27
\linenoprevgraf=\count305
\linenumbersep=\dimen188
\linenumberwidth=\dimen189
\c@linenumber=\count306
\c@pagewiselinenumber=\count307
\c@LN@truepage=\count308
\c@internallinenumber=\count309
\c@internallinenumbers=\count310
\quotelinenumbersep=\dimen190
\bframerule=\dimen191
\bframesep=\dimen192
\bframebox=\box54
LaTeX Info: Redefining \\ on input line 3056.
)
\c@FV@TrueTabGroupLevel=\count311
\c@FV@TrueTabCounter=\count312
\FV@TabBox@Group=\box55
\FV@TmpLength=\skip65
\c@FV@HighlightLinesStart=\count313
\c@FV@HighlightLinesStop=\count314
\FV@LoopCount=\count315
\FV@NCharsBox=\box56
\FV@BreakIndent=\dimen193
\FV@BreakIndentNChars=\count316
\FV@BreakSymbolSepLeft=\dimen194
\FV@BreakSymbolSepLeftNChars=\count317
\FV@BreakSymbolSepRight=\dimen195
\FV@BreakSymbolSepRightNChars=\count318
\FV@BreakSymbolIndentLeft=\dimen196
\FV@BreakSymbolIndentLeftNChars=\count319
\FV@BreakSymbolIndentRight=\dimen197
\FV@BreakSymbolIndentRightNChars=\count320
\c@FancyVerbLineBreakLast=\count321
\FV@LineBox=\box57
\FV@LineIndentBox=\box58
\FV@LineWidth=\dimen198
) (/usr/local/texlive/2020/texmf-dist/tex/latex/tools/calc.sty
Package: calc 2017/05/25 v4.3 Infix arithmetic (KKT,FJ)
\calc@Acount=\count322
\calc@Bcount=\count323
\calc@Adimen=\dimen199
\calc@Bdimen=\dimen256
\calc@Askip=\skip66
\calc@Bskip=\skip67
LaTeX Info: Redefining \setlength on input line 80.
LaTeX Info: Redefining \addtolength on input line 81.
\calc@Ccount=\count324
\calc@Cskip=\skip68
) (/usr/local/texlive/2020/texmf-dist/tex/latex/tools/shellesc.sty
Package: shellesc 2019/11/08 v1.0c unified shell escape interface for LaTeX
Package shellesc Info: Restricted shell escape enabled on input line 77.
) (/usr/local/texlive/2020/texmf-dist/tex/latex/ifplatform/ifplatform.sty
Package: ifplatform 2017/10/13 v0.4a Testing for the operating system
 (/usr/local/texlive/2020/texmf-dist/tex/generic/catchfile/catchfile.sty
Package: catchfile 2019/12/09 v1.8 Catch the contents of a file (HO)
) (/usr/local/texlive/2020/texmf-dist/tex/generic/iftex/ifluatex.sty
Package: ifluatex 2019/10/25 v1.5 ifluatex legacy package. Use iftex instead.
)

Package ifplatform Warning: 
    shell escape is disabled, so I can only detect \ifwindows.

) (/usr/local/texlive/2020/texmf-dist/tex/generic/xstring/xstring.sty (/usr/local/texlive/2020/texmf-dist/tex/generic/xstring/xstring.tex
\integerpart=\count325
\decimalpart=\count326
)
Package: xstring 2019/02/06 v1.83 String manipulations (CT)
) (/usr/local/texlive/2020/texmf-dist/tex/latex/framed/framed.sty
Package: framed 2011/10/22 v 0.96: framed or shaded text with page breaks
\OuterFrameSep=\skip69
\fb@frw=\dimen257
\fb@frh=\dimen258
\FrameRule=\dimen259
\FrameSep=\dimen260
) (/usr/local/texlive/2020/texmf-dist/tex/latex/float/float.sty
Package: float 2001/11/08 v1.3d Float enhancements (AL)
\c@float@type=\count327
\float@exts=\toks28
\float@box=\box59
\@float@everytoks=\toks29
\@floatcapt=\box60
)
\minted@appexistsfile=\read3
\minted@bgbox=\box61
\minted@code=\write4
\c@minted@FancyVerbLineTemp=\count328
\c@minted@pygmentizecounter=\count329
\@float@every@listing=\toks30
\c@listing=\count330
)
runsystem(mkdir -p _minted-report)...disabled (restricted).



/home/sd/Documents/code/mas-ss-21/SEE/SEE - Report/mas_report.cls:71: Package minted Error: You must invoke LaTeX with the -shell-escape flag.

See the minted package documentation for explanation.
Type  H <return>  for immediate help.
 ...                                              
                                                  
l.71 \usepackage
                {multirow} %Make use of muti column tables
Pass the -shell-escape flag to LaTeX. Refer to the minted.sty documentation for more information.

(/usr/local/texlive/2020/texmf-dist/tex/latex/titlesec/titlesec.sty
Package: titlesec 2019/10/16 v2.13 Sectioning titles
\ttl@box=\box62
\beforetitleunit=\skip70
\aftertitleunit=\skip71
\ttl@plus=\dimen261
\ttl@minus=\dimen262
\ttl@toksa=\toks31
\titlewidth=\dimen263
\titlewidthlast=\dimen264
\titlewidthfirst=\dimen265
) (/usr/local/texlive/2020/texmf-dist/tex/latex/fancyhdr/fancyhdr.sty
Package: fancyhdr 2019/01/31 v3.10 Extensive control of page headers and footers
\f@nch@headwidth=\skip72
\f@nch@O@elh=\skip73
\f@nch@O@erh=\skip74
\f@nch@O@olh=\skip75
\f@nch@O@orh=\skip76
\f@nch@O@elf=\skip77
\f@nch@O@erf=\skip78
\f@nch@O@olf=\skip79
\f@nch@O@orf=\skip80
))
runsystem(which pygmentize && touch report.aex)...disabled (restricted).



/home/sd/Documents/code/mas-ss-21/SEE/SEE - Report/report.tex:54: Package minted Error: You must have `pygmentize' installed to use this package.

See the minted package documentation for explanation.
Type  H <return>  for immediate help.
 ...                                              
                                                  
l.54 \begin{document}
                     
Refer to the installation instructions in the minted documentation for more information.

LaTeX Font Info:    Trying to load font information for OT1+lmr on input line 54.
(/usr/local/texlive/2020/texmf-dist/tex/latex/lm/ot1lmr.fd
File: ot1lmr.fd 2009/10/30 v1.6 Font defs for Latin Modern
)

LaTeX Warning: Unused global option(s):
    [twosides].

(/home/sd/Documents/code/mas-ss-21/SEE/SEE - Report/report.aux)
\openout1 = `report.aux'.

LaTeX Font Info:    Checking defaults for OML/cmm/m/it on input line 54.
LaTeX Font Info:    ... okay on input line 54.
LaTeX Font Info:    Checking defaults for OMS/cmsy/m/n on input line 54.
LaTeX Font Info:    ... okay on input line 54.
LaTeX Font Info:    Checking defaults for OT1/cmr/m/n on input line 54.
LaTeX Font Info:    ... okay on input line 54.
LaTeX Font Info:    Checking defaults for T1/cmr/m/n on input line 54.
LaTeX Font Info:    ... okay on input line 54.
LaTeX Font Info:    Checking defaults for TS1/cmr/m/n on input line 54.
LaTeX Font Info:    ... okay on input line 54.
LaTeX Font Info:    Checking defaults for OMX/cmex/m/n on input line 54.
LaTeX Font Info:    ... okay on input line 54.
LaTeX Font Info:    Checking defaults for U/cmr/m/n on input line 54.
LaTeX Font Info:    ... okay on input line 54.
LaTeX Font Info:    Checking defaults for PD1/pdf/m/n on input line 54.
LaTeX Font Info:    ... okay on input line 54.
 (/usr/local/texlive/2020/texmf-dist/tex/context/base/mkii/supp-pdf.mkii
[Loading MPS to PDF converter (version 2006.09.02).]
\scratchcounter=\count331
\scratchdimen=\dimen266
\scratchbox=\box63
\nofMPsegments=\count332
\nofMParguments=\count333
\everyMPshowfont=\toks32
\MPscratchCnt=\count334
\MPscratchDim=\dimen267
\MPnumerator=\count335
\makeMPintoPDFobject=\count336
\everyMPtoPDFconversion=\toks33
) (/usr/local/texlive/2020/texmf-dist/tex/latex/epstopdf-pkg/epstopdf-base.sty
Package: epstopdf-base 2020-01-24 v2.11 Base part for package epstopdf
Package epstopdf-base Info: Redefining graphics rule for `.eps' on input line 485.
 (/usr/local/texlive/2020/texmf-dist/tex/latex/latexconfig/epstopdf-sys.cfg
File: epstopdf-sys.cfg 2010/07/13 v1.3 Configuration of (r)epstopdf for TeX Live
))
\c@lstlisting=\count337
LaTeX Info: Redefining \microtypecontext on input line 54.
Package microtype Info: Generating PDF output.
Package microtype Info: Character protrusion enabled (level 2).
Package microtype Info: Using default protrusion set `alltext'.
Package microtype Info: Automatic font expansion enabled (level 2),
(microtype)             stretch: 20, shrink: 20, step: 1, non-selected.
Package microtype Info: Using default expansion set `basictext'.
LaTeX Info: Redefining \showhyphens on input line 54.
Package microtype Info: No adjustment of tracking.
Package microtype Info: No adjustment of interword spacing.
Package microtype Info: No adjustment of character kerning.
 (/usr/local/texlive/2020/texmf-dist/tex/latex/microtype/mt-cmr.cfg
File: mt-cmr.cfg 2013/05/19 v2.2 microtype config. file: Computer Modern Roman (RS)
)
*geometry* driver: auto-detecting
*geometry* detected driver: pdftex
*geometry* verbose mode - [ preamble ] result:
* driver: pdftex
* paper: <default>
* layout: <same size as paper>
* layoutoffset:(h,v)=(0.0pt,0.0pt)
* modes: twoside 
* h-part:(L,W,R)=(85.35826pt, 455.24411pt, 56.9055pt)
* v-part:(T,H,B)=(101.40665pt, 591.5302pt, 152.11pt)
* \paperwidth=597.50787pt
* \paperheight=845.04684pt
* \textwidth=455.24411pt
* \textheight=591.5302pt
* \oddsidemargin=13.08827pt
* \evensidemargin=-15.36449pt
* \topmargin=-0.93083pt
* \headheight=12.0pt
* \headsep=18.06749pt
* \topskip=10.0pt
* \footskip=25.29494pt
* \marginparwidth=115.0pt
* \marginparsep=7.0pt
* \columnsep=10.0pt
* \skip\footins=9.0pt plus 4.0pt minus 2.0pt
* \hoffset=0.0pt
* \voffset=0.0pt
* \mag=1000
* \@twocolumnfalse
* \@twosidetrue
* \@mparswitchtrue
* \@reversemarginfalse
* (1in=72.27pt=25.4mm, 1cm=28.453pt)

Package caption Info: Begin \AtBeginDocument code.
Package caption Info: float package is loaded.
Package caption Info: hyperref package is loaded.
Package caption Info: rotating package is loaded.
Package caption Info: End \AtBeginDocument code.
Package hyperref Info: Link coloring OFF on input line 54.
(/usr/local/texlive/2020/texmf-dist/tex/latex/hyperref/nameref.sty
Package: nameref 2019/09/16 v2.46 Cross-referencing by name of section
 (/usr/local/texlive/2020/texmf-dist/tex/latex/refcount/refcount.sty
Package: refcount 2019/12/15 v3.6 Data extraction from label references (HO)
) (/usr/local/texlive/2020/texmf-dist/tex/generic/gettitlestring/gettitlestring.sty
Package: gettitlestring 2019/12/15 v1.6 Cleanup title references (HO)
)
\c@section@level=\count338
)
LaTeX Info: Redefining \ref on input line 54.
LaTeX Info: Redefining \pageref on input line 54.
LaTeX Info: Redefining \nameref on input line 54.
 (/home/sd/Documents/code/mas-ss-21/SEE/SEE - Report/report.out) (/home/sd/Documents/code/mas-ss-21/SEE/SEE - Report/report.out)
\@outlinefile=\write5
\openout5 = `report.out'.



Package hyperref Warning: Option `colorlinks' has already been used,
(hyperref)                setting the option has no effect on input line 54.


Package hyperref Warning: Option `pagebackref' has already been used,
(hyperref)                setting the option has no effect on input line 54.

*geometry* verbose mode - [ newgeometry ] result:
* driver: pdftex
* paper: <default>
* layout: <same size as paper>
* layoutoffset:(h,v)=(0.0pt,0.0pt)
* modes: twoside 
* h-part:(L,W,R)=(85.35826pt, 440.44795pt, 71.70166pt)
* v-part:(T,H,B)=(101.40665pt, 658.28194pt, 85.35826pt)
* \paperwidth=597.50787pt
* \paperheight=845.04684pt
* \textwidth=440.44795pt
* \textheight=658.28194pt
* \oddsidemargin=13.08827pt
* \evensidemargin=-0.56833pt
* \topmargin=-0.93083pt
* \headheight=12.0pt
* \headsep=18.06749pt
* \topskip=10.0pt
* \footskip=25.29494pt
* \marginparwidth=115.0pt
* \marginparsep=7.0pt
* \columnsep=10.0pt
* \skip\footins=9.0pt plus 4.0pt minus 2.0pt
* \hoffset=0.0pt
* \voffset=0.0pt
* \mag=1000
* \@twocolumnfalse
* \@twosidetrue
* \@mparswitchtrue
* \@reversemarginfalse
* (1in=72.27pt=25.4mm, 1cm=28.453pt)

<images/Logo-HBRS-cyan.png, id=64, 1965.3425pt x 353.32pt>
File: images/Logo-HBRS-cyan.png Graphic file (type png)
<use images/Logo-HBRS-cyan.png>
Package pdftex.def Info: images/Logo-HBRS-cyan.png  used on input line 58.
(pdftex.def)             Requested size: 205.72229pt x 36.98866pt.
LaTeX Font Info:    Trying to load font information for OML+lmm on input line 58.
(/usr/local/texlive/2020/texmf-dist/tex/latex/lm/omllmm.fd
File: omllmm.fd 2009/10/30 v1.6 Font defs for Latin Modern
)
LaTeX Font Info:    Trying to load font information for OMS+lmsy on input line 58.
 (/usr/local/texlive/2020/texmf-dist/tex/latex/lm/omslmsy.fd
File: omslmsy.fd 2009/10/30 v1.6 Font defs for Latin Modern
)
LaTeX Font Info:    Trying to load font information for OMX+lmex on input line 58.
 (/usr/local/texlive/2020/texmf-dist/tex/latex/lm/omxlmex.fd
File: omxlmex.fd 2009/10/30 v1.6 Font defs for Latin Modern
)
LaTeX Font Info:    External font `lmex10' loaded for size
(Font)              <10> on input line 58.
LaTeX Font Info:    External font `lmex10' loaded for size
(Font)              <7> on input line 58.
LaTeX Font Info:    External font `lmex10' loaded for size
(Font)              <5> on input line 58.
LaTeX Font Info:    Trying to load font information for U+msa on input line 58.
 (/usr/local/texlive/2020/texmf-dist/tex/latex/amsfonts/umsa.fd
File: umsa.fd 2013/01/14 v3.01 AMS symbols A
) (/usr/local/texlive/2020/texmf-dist/tex/latex/microtype/mt-msa.cfg
File: mt-msa.cfg 2006/02/04 v1.1 microtype config. file: AMS symbols (a) (RS)
)
LaTeX Font Info:    Trying to load font information for U+msb on input line 58.
 (/usr/local/texlive/2020/texmf-dist/tex/latex/amsfonts/umsb.fd
File: umsb.fd 2013/01/14 v3.01 AMS symbols B
) (/usr/local/texlive/2020/texmf-dist/tex/latex/microtype/mt-msb.cfg
File: mt-msb.cfg 2005/06/01 v1.0 microtype config. file: AMS symbols (b) (RS)
)
<images/b-it.pdf, id=65, 1949.2825pt x 516.93124pt>
File: images/b-it.pdf Graphic file (type pdf)
<use images/b-it.pdf>
Package pdftex.def Info: images/b-it.pdf  used on input line 58.
(pdftex.def)             Requested size: 139.46782pt x 36.98866pt.
 [1





{/usr/local/texlive/2020/texmf-var/fonts/map/pdftex/updmap/pdftex.map} </home/sd/Documents/code/mas-ss-21/SEE/SEE - Report/images/Logo-HBRS-cyan.png> </home/sd/Documents/code/mas-ss-21/SEE/SEE - Report/images/b-it.pdf>] [2


] (/home/sd/Documents/code/mas-ss-21/SEE/SEE - Report/report.toc)
\tf@toc=\write6
\openout6 = `report.toc'.

 [3


] [4

] (/home/sd/Documents/code/mas-ss-21/SEE/SEE - Report/chapters/ch01_experiment_01.tex
Chapter 1.
LaTeX Font Info:    Trying to load font information for TS1+lmr on input line 19.
(/usr/local/texlive/2020/texmf-dist/tex/latex/lm/ts1lmr.fd
File: ts1lmr.fd 2009/10/30 v1.6 Font defs for Latin Modern
)
<images/FrontView.jpeg, id=109, 770.88pt x 1027.84pt>
File: images/FrontView.jpeg Graphic file (type jpg)
<use images/FrontView.jpeg>
Package pdftex.def Info: images/FrontView.jpeg  used on input line 23.
(pdftex.def)             Requested size: 231.26578pt x 308.35437pt.
<images/TopView3.jpeg, id=110, 770.88pt x 1027.84pt>
File: images/TopView3.jpeg Graphic file (type jpg)
<use images/TopView3.jpeg>
Package pdftex.def Info: images/TopView3.jpeg  used on input line 30.
(pdftex.def)             Requested size: 231.26578pt x 308.35437pt.
<images/SideView.jpeg, id=113, 1027.84pt x 770.88pt>
File: images/SideView.jpeg Graphic file (type jpg)
<use images/SideView.jpeg>
Package pdftex.def Info: images/SideView.jpeg  used on input line 48.
(pdftex.def)             Requested size: 308.35437pt x 231.26578pt.
<images/SideView2.jpeg, id=114, 770.88pt x 1027.84pt>
File: images/SideView2.jpeg Graphic file (type jpg)
<use images/SideView2.jpeg>
Package pdftex.def Info: images/SideView2.jpeg  used on input line 55.
(pdftex.def)             Requested size: 231.26578pt x 308.35437pt.
 [1

]
<images/Measurement Facility.jpeg, id=123, 770.88pt x 1027.84pt>
File: images/Measurement Facility.jpeg Graphic file (type jpg)
<use images/Measurement Facility.jpeg>
Package pdftex.def Info: images/Measurement Facility.jpeg  used on input line 66.
(pdftex.def)             Requested size: 231.26578pt x 308.35437pt.
<images/angle.jpg, id=124, 1128.215pt x 1505.625pt>
File: images/angle.jpg Graphic file (type jpg)
<use images/angle.jpg>
Package pdftex.def Info: images/angle.jpg  used on input line 73.
(pdftex.def)             Requested size: 338.46712pt x 451.691pt.
<images/grid.jpg, id=125, 770.88pt x 690.58pt>
File: images/grid.jpg Graphic file (type jpg)
<use images/grid.jpg>
Package pdftex.def Info: images/grid.jpg  used on input line 80.
(pdftex.def)             Requested size: 462.53157pt x 414.3512pt.

Overfull \hbox (7.28746pt too wide) in paragraph at lines 80--81
 [][] 
 []

[2 </home/sd/Documents/code/mas-ss-21/SEE/SEE - Report/images/FrontView.jpeg>] [3 </home/sd/Documents/code/mas-ss-21/SEE/SEE - Report/images/TopView3.jpeg>]
/home/sd/Documents/code/mas-ss-21/SEE/SEE - Report/chapters/ch01_experiment_01.tex:137: Undefined control sequence.
<argument> LaTeX3 error: 
                          Unbalanced quotes in file name '"images/robot_dime...
l.137 ...[scale=0.5]{"images/robot_dimensions.png}
                                                  
The control sequence at the end of the top line
of your error message was never \def'ed. If you have
misspelled it (e.g., `\hobx'), type `I' and the correct
spelling (e.g., `I\hbox'). Otherwise just continue,
and I'll forget about whatever was undefined.

/home/sd/Documents/code/mas-ss-21/SEE/SEE - Report/chapters/ch01_experiment_01.tex:137: Undefined control sequence.
<argument> LaTeX3 error: 
                          Unbalanced quotes in file name '"images/robot_dime...
l.137 ...[scale=0.5]{"images/robot_dimensions.png}
                                                  
The control sequence at the end of the top line
of your error message was never \def'ed. If you have
misspelled it (e.g., `\hobx'), type `I' and the correct
spelling (e.g., `I\hbox'). Otherwise just continue,
and I'll forget about whatever was undefined.

<images/robot_dimensions.png, id=144, 490.83376pt x 510.90875pt>
File: images/robot_dimensions.png Graphic file (type png)
<use images/robot_dimensions.png>
Package pdftex.def Info: images/robot_dimensions.png  used on input line 137.
(pdftex.def)             Requested size: 245.41628pt x 255.45375pt.
[4 </home/sd/Documents/code/mas-ss-21/SEE/SEE - Report/images/SideView.jpeg>]
/home/sd/Documents/code/mas-ss-21/SEE/SEE - Report/chapters/ch01_experiment_01.tex:149: Undefined control sequence.
<argument> LaTeX3 error: 
                          Unbalanced quotes in file name '"images/robot_orie...
l.149 ...cale=0.3]{"images/robot_orientation2.png}
                                                  
The control sequence at the end of the top line
of your error message was never \def'ed. If you have
misspelled it (e.g., `\hobx'), type `I' and the correct
spelling (e.g., `I\hbox'). Otherwise just continue,
and I'll forget about whatever was undefined.

/home/sd/Documents/code/mas-ss-21/SEE/SEE - Report/chapters/ch01_experiment_01.tex:149: Undefined control sequence.
<argument> LaTeX3 error: 
                          Unbalanced quotes in file name '"images/robot_orie...
l.149 ...cale=0.3]{"images/robot_orientation2.png}
                                                  
The control sequence at the end of the top line
of your error message was never \def'ed. If you have
misspelled it (e.g., `\hobx'), type `I' and the correct
spelling (e.g., `I\hbox'). Otherwise just continue,
and I'll forget about whatever was undefined.

<images/robot_orientation2.png, id=152, 773.89125pt x 1046.91125pt>
File: images/robot_orientation2.png Graphic file (type png)
<use images/robot_orientation2.png>
Package pdftex.def Info: images/robot_orientation2.png  used on input line 149.
(pdftex.def)             Requested size: 232.16916pt x 314.0758pt.

Underfull \vbox (badness 10000) has occurred while \output is active []

 [5 </home/sd/Documents/code/mas-ss-21/SEE/SEE - Report/images/SideView2.jpeg>] [6 </home/sd/Documents/code/mas-ss-21/SEE/SEE - Report/images/Measurement Facility.jpeg>] [7 </home/sd/Documents/code/mas-ss-21/SEE/SEE - Report/images/angle.jpg>]
Underfull \vbox (badness 10000) has occurred while \output is active []

 [8 </home/sd/Documents/code/mas-ss-21/SEE/SEE - Report/images/grid.jpg>]
/home/sd/Documents/code/mas-ss-21/SEE/SEE - Report/chapters/ch01_experiment_01.tex:219: Undefined control sequence.
<argument> LaTeX3 error: 
                          Unbalanced quotes in file name '"images/error_prop...
l.219 ...{"images/error_propagation_direction.png}
                                                  
The control sequence at the end of the top line
of your error message was never \def'ed. If you have
misspelled it (e.g., `\hobx'), type `I' and the correct
spelling (e.g., `I\hbox'). Otherwise just continue,
and I'll forget about whatever was undefined.

/home/sd/Documents/code/mas-ss-21/SEE/SEE - Report/chapters/ch01_experiment_01.tex:219: Undefined control sequence.
<argument> LaTeX3 error: 
                          Unbalanced quotes in file name '"images/error_prop...
l.219 ...{"images/error_propagation_direction.png}
                                                  
The control sequence at the end of the top line
of your error message was never \def'ed. If you have
misspelled it (e.g., `\hobx'), type `I' and the correct
spelling (e.g., `I\hbox'). Otherwise just continue,
and I'll forget about whatever was undefined.

<images/error_propagation_direction.png, id=179, 614.295pt x 794.97pt>
File: images/error_propagation_direction.png Graphic file (type png)
<use images/error_propagation_direction.png>
Package pdftex.def Info: images/error_propagation_direction.png  used on input line 219.
(pdftex.def)             Requested size: 184.28992pt x 238.49284pt.
[9 </home/sd/Documents/code/mas-ss-21/SEE/SEE - Report/images/robot_dimensions.png>]
\openout3 = `report.pyg'.

runsystem(pygmentize -S default -f latex -P commandprefix=PYG > _minted-report/default-pyg-prefix.pygstyle)...disabled (restricted).



/home/sd/Documents/code/mas-ss-21/SEE/SEE - Report/chapters/ch01_experiment_01.tex:489: Package minted Error: Missing Pygments output; \inputminted was
probably given a file that does not exist--otherwise, you may need 
the outputdir package option, or may be using an incompatible build tool,
or may be using frozencache with a missing file.

See the minted package documentation for explanation.
Type  H <return>  for immediate help.
 ...                                              
                                                  
l.489     \end{minted}^^M
                         
This could be caused by using -output-directory or -aux-directory 
without setting minted's outputdir, or by using a build tool that 
changes paths in ways minted cannot detect, 
or using frozencache with a missing file.

runsystem(pygmentize -S default -f latex -P commandprefix=PYGdefault > _minted-report/default.pygstyle)...disabled (restricted).


/home/sd/Documents/code/mas-ss-21/SEE/SEE - Report/chapters/ch01_experiment_01.tex:489: Package minted Error: Missing Pygments output; \inputminted was
probably given a file that does not exist--otherwise, you may need 
the outputdir package option, or may be using an incompatible build tool,
or may be using frozencache with a missing file.

See the minted package documentation for explanation.
Type  H <return>  for immediate help.
 ...                                              
                                                  
l.489     \end{minted}^^M
                         
This could be caused by using -output-directory or -aux-directory 
without setting minted's outputdir, or by using a build tool that 
changes paths in ways minted cannot detect, 
or using frozencache with a missing file.

runsystem(pygmentize -l python -f latex -P commandprefix=PYG -F tokenmerge -o _minted-report/CDC9E1C174DED429E8CB6D42BF0E20AB7C2E7F49E087B8E8E8DF5244CE287E39.pygtex report.pyg)...disabled (restricted).


/home/sd/Documents/code/mas-ss-21/SEE/SEE - Report/chapters/ch01_experiment_01.tex:489: Package minted Error: Missing Pygments output; \inputminted was
probably given a file that does not exist--otherwise, you may need 
the outputdir package option, or may be using an incompatible build tool,
or may be using frozencache with a missing file.

See the minted package documentation for explanation.
Type  H <return>  for immediate help.
 ...                                              
                                                  
l.489     \end{minted}
                      
This could be caused by using -output-directory or -aux-directory 
without setting minted's outputdir, or by using a build tool that 
changes paths in ways minted cannot detect, 
or using frozencache with a missing file.

) (/home/sd/Documents/code/mas-ss-21/SEE/SEE - Report/chapters/ch02_experiment_02.tex [10 </home/sd/Documents/code/mas-ss-21/SEE/SEE - Report/images/robot_orientation2.png>] [11 </home/sd/Documents/code/mas-ss-21/SEE/SEE - Report/images/error_propagation_direction.png>] [12

]
Chapter 2.
\openout3 = `report.pyg'.

runsystem(pygmentize -l python -f latex -P commandprefix=PYG -F tokenmerge -o _minted-report/1B5DDE3B52E4C9E854542739A60E9F9B7C2E7F49E087B8E8E8DF5244CE287E39.pygtex report.pyg)...disabled (restricted).


/home/sd/Documents/code/mas-ss-21/SEE/SEE - Report/chapters/ch02_experiment_02.tex:129: Package minted Error: Missing Pygments output; \inputminted was
probably given a file that does not exist--otherwise, you may need 
the outputdir package option, or may be using an incompatible build tool,
or may be using frozencache with a missing file.

See the minted package documentation for explanation.
Type  H <return>  for immediate help.
 ...                                              
                                                  
l.129     \end{minted}
                      
This could be caused by using -output-directory or -aux-directory 
without setting minted's outputdir, or by using a build tool that 
changes paths in ways minted cannot detect, 
or using frozencache with a missing file.

[13]
<images/experiment_2/experiment-9.png, id=210, 59.2701pt x 44.41306pt>
File: images/experiment_2/experiment-9.png Graphic file (type png)
<use images/experiment_2/experiment-9.png>
Package pdftex.def Info: images/experiment_2/experiment-9.png  used on input line 140.
(pdftex.def)             Requested size: 296.34964pt x 222.06467pt.
<images/experiment_2/experiment-7.png, id=211, 59.2701pt x 44.41306pt>
File: images/experiment_2/experiment-7.png Graphic file (type png)
<use images/experiment_2/experiment-7.png>
Package pdftex.def Info: images/experiment_2/experiment-7.png  used on input line 146.
(pdftex.def)             Requested size: 296.34964pt x 222.06467pt.
 [14 </home/sd/Documents/code/mas-ss-21/SEE/SEE - Report/images/experiment_2/experiment-9.png> </home/sd/Documents/code/mas-ss-21/SEE/SEE - Report/images/experiment_2/experiment-7.png>]
<images/experiment_2/experiment-5.png, id=219, 59.2701pt x 44.41306pt>
File: images/experiment_2/experiment-5.png Graphic file (type png)
<use images/experiment_2/experiment-5.png>
Package pdftex.def Info: images/experiment_2/experiment-5.png  used on input line 154.
(pdftex.def)             Requested size: 296.34964pt x 222.06467pt.
<images/experiment_2/experiment-2.png, id=223, 41.68663pt x 59.2701pt>
File: images/experiment_2/experiment-2.png Graphic file (type png)
<use images/experiment_2/experiment-2.png>
Package pdftex.def Info: images/experiment_2/experiment-2.png  used on input line 162.
(pdftex.def)             Requested size: 208.43254pt x 296.34964pt.
<images/experiment_2/experiment-8.png, id=224, 59.2701pt x 44.41306pt>
File: images/experiment_2/experiment-8.png Graphic file (type png)
<use images/experiment_2/experiment-8.png>
Package pdftex.def Info: images/experiment_2/experiment-8.png  used on input line 168.
(pdftex.def)             Requested size: 296.34964pt x 222.06467pt.
<images/experiment_2/experiment-6.png, id=225, 59.2701pt x 44.41306pt>
File: images/experiment_2/experiment-6.png Graphic file (type png)
<use images/experiment_2/experiment-6.png>
Package pdftex.def Info: images/experiment_2/experiment-6.png  used on input line 174.
(pdftex.def)             Requested size: 296.34964pt x 222.06467pt.
<images/experiment_2/experiment.png, id=227, 44.41306pt x 59.2701pt>
File: images/experiment_2/experiment.png Graphic file (type png)
<use images/experiment_2/experiment.png>
Package pdftex.def Info: images/experiment_2/experiment.png  used on input line 187.
(pdftex.def)             Requested size: 266.4776pt x 355.61957pt.
 [15 </home/sd/Documents/code/mas-ss-21/SEE/SEE - Report/images/experiment_2/experiment-5.png>]

LaTeX Warning: Reference `tab: right-run' on page 16 undefined on input line 211.


LaTeX Warning: `!h' float specifier changed to `!ht'.


LaTeX Warning: `!h' float specifier changed to `!ht'.


LaTeX Warning: `!h' float specifier changed to `!ht'.

<images/experiment_2/1.end-poses.png, id=240, 289.08pt x 578.16pt>
File: images/experiment_2/1.end-poses.png Graphic file (type png)
<use images/experiment_2/1.end-poses.png>
Package pdftex.def Info: images/experiment_2/1.end-poses.png  used on input line 317.
(pdftex.def)             Requested size: 202.35461pt x 404.70924pt.
<images/experiment_2/2.path.png, id=241, 433.62pt x 712.5822pt>
File: images/experiment_2/2.path.png Graphic file (type png)
<use images/experiment_2/2.path.png>
Package pdftex.def Info: images/experiment_2/2.path.png  used on input line 323.
(pdftex.def)             Requested size: 260.17401pt x 427.55261pt.
<images/experiment_2/3.merged-end-poses.png, id=242, 510.2262pt x 678.6153pt>
File: images/experiment_2/3.merged-end-poses.png Graphic file (type png)
<use images/experiment_2/3.merged-end-poses.png>
Package pdftex.def Info: images/experiment_2/3.merged-end-poses.png  used on input line 329.
(pdftex.def)             Requested size: 306.13808pt x 407.17232pt.
<images/experiment_2/Figure_forward.png, id=243, 433.62pt x 712.5822pt>
File: images/experiment_2/Figure_forward.png Graphic file (type png)
<use images/experiment_2/Figure_forward.png>
Package pdftex.def Info: images/experiment_2/Figure_forward.png  used on input line 335.
(pdftex.def)             Requested size: 260.17401pt x 427.55261pt.
<images/experiment_2/Figure_right.png, id=244, 433.62pt x 712.5822pt>
File: images/experiment_2/Figure_right.png Graphic file (type png)
<use images/experiment_2/Figure_right.png>
Package pdftex.def Info: images/experiment_2/Figure_right.png  used on input line 341.
(pdftex.def)             Requested size: 260.17401pt x 427.55261pt.
<images/experiment_2/Figure_left.png, id=245, 433.62pt x 712.5822pt>
File: images/experiment_2/Figure_left.png Graphic file (type png)
<use images/experiment_2/Figure_left.png>
Package pdftex.def Info: images/experiment_2/Figure_left.png  used on input line 347.
(pdftex.def)             Requested size: 260.17401pt x 427.55261pt.
) (/home/sd/Documents/code/mas-ss-21/SEE/SEE - Report/chapters/ch03_experiment_03.tex [16 </home/sd/Documents/code/mas-ss-21/SEE/SEE - Report/images/experiment_2/experiment-2.png>] [17 </home/sd/Documents/code/mas-ss-21/SEE/SEE - Report/images/experiment_2/experiment-8.png> </home/sd/Documents/code/mas-ss-21/SEE/SEE - Report/images/experiment_2/experiment-6.png>] [18 </home/sd/Documents/code/mas-ss-21/SEE/SEE - Report/images/experiment_2/experiment.png>] [19] [20] [21] [22 </home/sd/Documents/code/mas-ss-21/SEE/SEE - Report/images/experiment_2/1.end-poses.png>] [23 </home/sd/Documents/code/mas-ss-21/SEE/SEE - Report/images/experiment_2/2.path.png>] [24 </home/sd/Documents/code/mas-ss-21/SEE/SEE - Report/images/experiment_2/3.merged-end-poses.png>] [25 </home/sd/Documents/code/mas-ss-21/SEE/SEE - Report/images/experiment_2/Figure_forward.png>] [26 </home/sd/Documents/code/mas-ss-21/SEE/SEE - Report/images/experiment_2/Figure_right.png>] [27 </home/sd/Documents/code/mas-ss-21/SEE/SEE - Report/images/experiment_2/Figure_left.png>] [28

]
Chapter 3.

LaTeX Warning: No positions in optional float specifier.
               Default added (so using `tbp') on input line 21.

/home/sd/Documents/code/mas-ss-21/SEE/SEE - Report/chapters/ch03_experiment_03.tex:34: You can't use `\hrule' here except with leaders.
\caption@hrule ->\hrule 
                        \@height \z@ 
l.34 ...tion{{Outliers detected in measured data}}
                                                  
To put a horizontal rule in an hbox or an alignment,
you should use \leaders or \hrulefill (see The TeXbook).

/home/sd/Documents/code/mas-ss-21/SEE/SEE - Report/chapters/ch03_experiment_03.tex:34: Missing number, treated as zero.
<to be read again> 
                   \vskip 
l.34 ...tion{{Outliers detected in measured data}}
                                                  
A number should have been here; I inserted `0'.
(If you can't figure out why I needed to see a number,
look up `weird error' in the index to The TeXbook.)

/home/sd/Documents/code/mas-ss-21/SEE/SEE - Report/chapters/ch03_experiment_03.tex:34: Illegal unit of measure (pt inserted).
<to be read again> 
                   \vskip 
l.34 ...tion{{Outliers detected in measured data}}
                                                  
Dimensions can be in units of em, ex, in, pt, pc,
cm, mm, dd, cc, nd, nc, bp, or sp; but yours is a new one!
I'll assume that you meant to say pt, for printer's points.
To recover gracefully from this error, it's best to
delete the erroneous units; e.g., type `2' to delete
two letters. (See Chapter 27 of The TeXbook.)

/home/sd/Documents/code/mas-ss-21/SEE/SEE - Report/chapters/ch03_experiment_03.tex:34: Missing \endgroup inserted.
<inserted text> 
                \endgroup 
l.34 ...tion{{Outliers detected in measured data}}
                                                  
I've inserted something that you may